<?xml version="1.0" encoding="UTF-8"?>
<!-- Generated by org.testng.reporters.JUnitReportReporter -->
<testsuite hostname="DESKTOP-69P9OLH" failures="0" tests="1" name="org.doordash.testcases.PlaceOrderFromRestaurant" time="13.251" errors="0" timestamp="2022-09-15T12:26:01 IST" skipped="0">
  <testcase classname="org.doordash.testcases.PlaceOrderFromRestaurant" name="testCaseTest" time="13.251"/>
  <system-out>
    <![CDATA[Order placed successfully]]>
  </system-out>
</testsuite> <!-- org.doordash.testcases.PlaceOrderFromRestaurant -->
