<?xml version="1.0" encoding="UTF-8"?>
<!-- Generated by org.testng.reporters.JUnitReportReporter -->
<testsuite hostname="DESKTOP-69P9OLH" failures="0" tests="1" name="org.doordash.testcases.PlaceOrderAndChangeOrderStatus" time="23.848" errors="0" timestamp="2022-09-15T12:26:01 IST" skipped="0">
  <testcase classname="org.doordash.testcases.PlaceOrderAndChangeOrderStatus" name="textcase2Test" time="23.848"/>
  <system-out>
    <![CDATA[Order placed successfully
Order status changed to: On The Way!]]>
  </system-out>
</testsuite> <!-- org.doordash.testcases.PlaceOrderAndChangeOrderStatus -->
