<?xml version="1.0" encoding="UTF-8"?>
<!-- Generated by org.testng.reporters.JUnitReportReporter -->
<testsuite hostname="DESKTOP-69P9OLH" failures="0" tests="1" name="org.doordash.testcases.Testcase1" time="7.245" errors="0" timestamp="2022-09-15T10:36:29 IST" skipped="0">
  <testcase classname="org.doordash.testcases.Testcase1" name="testCaseTest" time="7.245"/>
  <system-out/>
</testsuite> <!-- org.doordash.testcases.Testcase1 -->
