<?xml version="1.0" encoding="UTF-8"?>
<!-- Generated by org.testng.reporters.JUnitReportReporter -->
<testsuite skipped="0" hostname="DESKTOP-69P9OLH" name="org.sdet40.practise.DeleteOrdersTest" tests="1" failures="0" timestamp="2022-09-22T16:18:50 IST" time="10.800" errors="0">
  <testcase name="deleteOrdersPlacedByCustomer" time="10.800" classname="org.sdet40.practise.DeleteOrdersTest"/>
  <system-out/>
</testsuite> <!-- org.sdet40.practise.DeleteOrdersTest -->
