<?xml version="1.0" encoding="UTF-8"?>
<!-- Generated by org.testng.reporters.JUnitReportReporter -->
<testsuite hostname="DESKTOP-69P9OLH" failures="0" tests="1" name="org.sdet40.practise.TestNGPractiseTest" time="0.023" errors="0" timestamp="2022-09-09T12:45:23 IST" skipped="0">
  <testcase classname="org.sdet40.practise.TestNGPractiseTest" name="step2Test" time="0.023"/>
  <system-out/>
</testsuite> <!-- org.sdet40.practise.TestNGPractiseTest -->
