<?xml version="1.0" encoding="UTF-8"?>
<!-- Generated by org.testng.reporters.JUnitReportReporter -->
<testsuite hostname="DESKTOP-69P9OLH" failures="0" tests="1" name="org.sdet40.practise.DeleteOrders" time="15.740" errors="0" timestamp="2022-09-15T15:23:50 IST" skipped="0">
  <testcase classname="org.sdet40.practise.DeleteOrders" name="deleteOrdersPlacedByDrv" time="15.740"/>
  <system-out/>
</testsuite> <!-- org.sdet40.practise.DeleteOrders -->
