<?xml version="1.0" encoding="UTF-8"?>
<!-- Generated by org.testng.reporters.JUnitReportReporter -->
<testsuite hostname="DESKTOP-69P9OLH" failures="0" tests="1" name="org.doordash.testcases.OrderDishFromHomeAndDeleteOrder" time="11.986" errors="0" timestamp="2022-09-15T12:26:01 IST" skipped="0">
  <testcase classname="org.doordash.testcases.OrderDishFromHomeAndDeleteOrder" name="testCase4Test" time="11.986"/>
  <system-out>
    <![CDATA[Order placed successfully]]>
  </system-out>
</testsuite> <!-- org.doordash.testcases.OrderDishFromHomeAndDeleteOrder -->
