<?xml version="1.0" encoding="UTF-8"?>
<!-- Generated by org.testng.reporters.JUnitReportReporter -->
<testsuite hostname="DESKTOP-69P9OLH" failures="0" tests="1" name="org.sdet40.practise.ScreenShotPractice" time="0.483" errors="0" timestamp="2022-09-16T16:19:52 IST" skipped="0">
  <testcase classname="org.sdet40.practise.ScreenShotPractice" name="screenShot" time="0.483"/>
  <system-out/>
</testsuite> <!-- org.sdet40.practise.ScreenShotPractice -->
