<?xml version="1.0" encoding="UTF-8"?>
<!-- Generated by org.testng.reporters.JUnitReportReporter -->
<testsuite hostname="DESKTOP-69P9OLH" failures="0" tests="1" name="TestCases.AmazonTestScript" time="12.336" errors="0" timestamp="2022-07-30T15:54:20 IST" skipped="0">
  <testcase classname="TestCases.AmazonTestScript" name="amazon" time="12.336"/>
  <system-out/>
</testsuite> <!-- TestCases.AmazonTestScript -->
