<?xml version="1.0" encoding="UTF-8"?>
<!-- Generated by org.testng.reporters.JUnitReportReporter -->
<testsuite hostname="DESKTOP-69P9OLH" failures="0" tests="1" name="org.doordash.testcases.selectDishFromHomeAndOrder" time="13.349" errors="0" timestamp="2022-09-15T12:26:01 IST" skipped="0">
  <testcase classname="org.doordash.testcases.selectDishFromHomeAndOrder" name="testCase3Test" time="13.349"/>
  <system-out>
    <![CDATA[Order placed successfully]]>
  </system-out>
</testsuite> <!-- org.doordash.testcases.selectDishFromHomeAndOrder -->
