<?xml version="1.0" encoding="UTF-8"?>
<!-- Generated by org.testng.reporters.JUnitReportReporter -->
<testsuite hostname="DESKTOP-69P9OLH" failures="0" tests="1" name="org.sdet40.practise.TestNGPractise2Test" time="0.007" errors="0" timestamp="2022-09-13T14:56:55 IST" skipped="0">
  <testcase classname="org.sdet40.practise.TestNGPractise2Test" name="mainTest" time="0.007"/>
  <system-out/>
</testsuite> <!-- org.sdet40.practise.TestNGPractise2Test -->
