<?xml version="1.0" encoding="UTF-8"?>
<!-- Generated by org.testng.reporters.JUnitReportReporter -->
<testsuite skipped="0" hostname="DESKTOP-69P9OLH" name="org.sdet40.practise.CmdPromptPractice1Test" tests="1" failures="0" timestamp="2022-09-19T15:48:21 IST" time="0.009" errors="0">
  <testcase name="printLine" time="0.009" classname="org.sdet40.practise.CmdPromptPractice1Test"/>
  <system-out/>
</testsuite> <!-- org.sdet40.practise.CmdPromptPractice1Test -->
