<?xml version="1.0" encoding="UTF-8"?>
<!-- Generated by org.testng.reporters.JUnitReportReporter -->
<testsuite hostname="DESKTOP-69P9OLH" failures="0" tests="1" name="TestCases.FlipkartTestScript2" time="12.663" errors="0" timestamp="2022-07-30T15:54:20 IST" skipped="0">
  <testcase classname="TestCases.FlipkartTestScript2" name="fiplkart" time="12.663"/>
  <system-out/>
</testsuite> <!-- TestCases.FlipkartTestScript2 -->
