<?xml version="1.0" encoding="UTF-8"?>
<!-- Generated by org.testng.reporters.JUnitReportReporter -->
<testsuite hostname="DESKTOP-69P9OLH" failures="0" tests="6" name="org.sdet40.practise.TestNGPractise3Test" time="0.037" errors="0" timestamp="2022-09-14T14:53:18 IST" skipped="0">
  <testcase classname="org.sdet40.practise.TestNGPractise3Test" name="step31Test" time="0.003"/>
  <system-out/>
  <testcase classname="org.sdet40.practise.TestNGPractise3Test" name="step31Test" time="0.010"/>
  <system-out/>
  <testcase classname="org.sdet40.practise.TestNGPractise3Test" name="step31Test" time="0.007"/>
  <system-out/>
  <testcase classname="org.sdet40.practise.TestNGPractise3Test" name="step31Test" time="0.004"/>
  <system-out/>
  <testcase classname="org.sdet40.practise.TestNGPractise3Test" name="step31Test" time="0.008"/>
  <system-out/>
  <testcase classname="org.sdet40.practise.TestNGPractise3Test" name="step31Test" time="0.005"/>
  <system-out/>
</testsuite> <!-- org.sdet40.practise.TestNGPractise3Test -->
